<?xml version="1.0" encoding="UTF-8"?>
<!-- Generated by org.testng.reporters.JUnitXMLReporter -->
<testsuite ignored="17" hostname="LAPTOP-VKBHV4LJ" failures="0" tests="3" name="Regression Tests" time="69.294" errors="0" timestamp="2024-10-26T10:11:00 GST">
  <testcase classname="com.store.testcases.Orderpagetest" name="addtocarttest" time="19.222"/>
  <testcase classname="com.store.testcases.Orderpagetest" name="verifytotalpriceaddtocarttest" time="19.97"/>
  <testcase classname="com.store.testcases.Addtocartpagetest" name="addtocarttest" time="16.903"/>
  <testcase classname="com.store.base.baseclass" name="@AfterSuite afterSuite" time="0.0">
    <ignored/>
  </testcase> <!-- @AfterSuite afterSuite -->
  <testcase classname="com.store.base.baseclass" name="@BeforeSuite loadConfig" time="0.0">
    <ignored/>
  </testcase> <!-- @BeforeSuite loadConfig -->
  <testcase classname="com.store.base.baseclass" name="@BeforeSuite loadConfig" time="0.0">
    <ignored/>
  </testcase> <!-- @BeforeSuite loadConfig -->
  <testcase classname="com.store.testcases.Indexpagetest" name="verifystoretitle" time="0.0">
    <ignored/>
  </testcase> <!-- verifystoretitle -->
  <testcase classname="com.store.testcases.Searchresultpagetest" name="productsearchtest" time="0.0">
    <ignored/>
  </testcase> <!-- productsearchtest -->
  <testcase classname="com.store.testcases.Homepagetest" name="verifymyaccount" time="0.0">
    <ignored/>
  </testcase> <!-- verifymyaccount -->
  <testcase classname="com.store.testcases.Homepagetest" name="verifyaddmyfirstaddress" time="0.0">
    <ignored/>
  </testcase> <!-- verifyaddmyfirstaddress -->
  <testcase classname="com.store.testcases.Homepagetest" name="verifyorderhistory" time="0.0">
    <ignored/>
  </testcase> <!-- verifyorderhistory -->
  <testcase classname="com.store.base.baseclass" name="@BeforeSuite loadConfig" time="0.0">
    <ignored/>
  </testcase> <!-- @BeforeSuite loadConfig -->
  <testcase classname="com.store.base.baseclass" name="@AfterSuite afterSuite" time="0.0">
    <ignored/>
  </testcase> <!-- @AfterSuite afterSuite -->
  <testcase classname="com.store.base.baseclass" name="@AfterSuite afterSuite" time="0.0">
    <ignored/>
  </testcase> <!-- @AfterSuite afterSuite -->
  <testcase classname="com.store.base.baseclass" name="@BeforeSuite loadConfig" time="0.0">
    <ignored/>
  </testcase> <!-- @BeforeSuite loadConfig -->
  <testcase classname="com.store.testcases.Loginpagetest" name="Logintest" time="0.0">
    <ignored/>
  </testcase> <!-- Logintest -->
  <testcase classname="com.store.base.baseclass" name="@AfterSuite afterSuite" time="0.0">
    <ignored/>
  </testcase> <!-- @AfterSuite afterSuite -->
  <testcase classname="com.store.base.baseclass" name="@BeforeSuite loadConfig" time="0.0">
    <ignored/>
  </testcase> <!-- @BeforeSuite loadConfig -->
  <testcase classname="com.store.testcases.Indexpagetest" name="verifylogo" time="0.0">
    <ignored/>
  </testcase> <!-- verifylogo -->
  <testcase classname="com.store.base.baseclass" name="@AfterSuite afterSuite" time="0.0">
    <ignored/>
  </testcase> <!-- @AfterSuite afterSuite -->
</testsuite> <!-- Regression Tests -->
