<?xml version="1.0" encoding="UTF-8"?>
<!-- Generated by org.testng.reporters.JUnitXMLReporter -->
<testsuite ignored="0" hostname="LAPTOP-VKBHV4LJ" failures="1" tests="2" name="LoginpageTest" time="12.409" errors="0" timestamp="2024-10-24T21:41:54 GST">
  <testcase classname="com.store.testcases.Indexpagetest" name="verifylogo" time="0.072"/>
  <testcase classname="com.store.testcases.Indexpagetest" name="verifystoretitle" time="0.017">
    <failure type="java.lang.AssertionError" message="expected [My Shops] but found [My Shop]">
      <![CDATA[java.lang.AssertionError: expected [My Shops] but found [My Shop]
at com.store.testcases.Indexpagetest.verifystoretitle(Indexpagetest.java:34)
at java.base/java.util.ArrayList.forEach(ArrayList.java:1596)
... Removed 31 stack frames]]>
    </failure>
  </testcase> <!-- verifystoretitle -->
</testsuite> <!-- LoginpageTest -->
