<?xml version="1.0" encoding="UTF-8"?>
<!-- Generated by org.testng.reporters.JUnitXMLReporter -->
<testsuite ignored="0" hostname="LAPTOP-VKBHV4LJ" failures="0" tests="4" name="Accountcreationpagetest" time="56.03" errors="0" timestamp="2024-10-24T23:18:34 GST">
  <testcase classname="com.store.testcases.AccountcreationpageTest" name="createAccountTest" time="8.818"/>
  <testcase classname="com.store.testcases.AccountcreationpageTest" name="createAccountTest" time="9.342"/>
  <testcase classname="com.store.testcases.AccountcreationpageTest" name="createAccountTest" time="8.811"/>
  <testcase classname="com.store.testcases.AccountcreationpageTest" name="verifyaccountcreationpage" time="5.958"/>
</testsuite> <!-- Accountcreationpagetest -->
