<?xml version="1.0" encoding="UTF-8"?>
<!-- Generated by org.testng.reporters.JUnitXMLReporter -->
<testsuite ignored="0" hostname="LAPTOP-VKBHV4LJ" failures="0" tests="2" name="IE Tests" time="2.482" errors="0" timestamp="2024-10-24T23:38:29 GST">
  <testcase classname="com.store.testcases.Indexpagetest" name="verifylogo" time="0.0">
    <skipped/>
  </testcase> <!-- verifylogo -->
  <testcase classname="com.store.testcases.Indexpagetest" name="verifystoretitle" time="0.0">
    <skipped/>
  </testcase> <!-- verifystoretitle -->
</testsuite> <!-- IE Tests -->
