<?xml version="1.0" encoding="UTF-8"?>
<!-- Generated by org.testng.reporters.JUnitXMLReporter -->
<testsuite ignored="10" hostname="LAPTOP-VKBHV4LJ" failures="1" tests="10" name="Microsoft Edge Tests" time="144.994" errors="0" timestamp="2024-10-24T23:40:54 GST">
  <testcase classname="com.store.testcases.Indexpagetest" name="verifylogo" time="0.051"/>
  <testcase classname="com.store.testcases.Indexpagetest" name="verifystoretitle" time="0.041">
    <failure type="java.lang.AssertionError" message="expected [My Shops] but found [My Shop]">
      <![CDATA[java.lang.AssertionError: expected [My Shops] but found [My Shop]
at com.store.testcases.Indexpagetest.verifystoretitle(Indexpagetest.java:35)
at java.base/java.util.ArrayList.forEach(ArrayList.java:1596)
... Removed 31 stack frames]]>
    </failure>
  </testcase> <!-- verifystoretitle -->
  <testcase classname="com.store.testcases.Loginpagetest" name="Logintest" time="7.605"/>
  <testcase classname="com.store.testcases.Homepagetest" name="verifyaddmyfirstaddress" time="2.614"/>
  <testcase classname="com.store.testcases.Homepagetest" name="verifymyaccount" time="2.635"/>
  <testcase classname="com.store.testcases.Homepagetest" name="verifyorderhistory" time="2.547"/>
  <testcase classname="com.store.testcases.Searchresultpagetest" name="productsearchtest" time="1.392"/>
  <testcase classname="com.store.testcases.Orderpagetest" name="addtocarttest" time="20.984"/>
  <testcase classname="com.store.testcases.Orderpagetest" name="verifytotalpriceaddtocarttest" time="19.284"/>
  <testcase classname="com.store.testcases.Addtocartpagetest" name="addtocarttest" time="17.729"/>
  <testcase classname="com.store.base.baseclass" name="@AfterSuite afterSuite" time="0.0">
    <ignored/>
  </testcase> <!-- @AfterSuite afterSuite -->
  <testcase classname="com.store.base.baseclass" name="@BeforeSuite loadConfig" time="0.0">
    <ignored/>
  </testcase> <!-- @BeforeSuite loadConfig -->
  <testcase classname="com.store.base.baseclass" name="@AfterSuite afterSuite" time="0.0">
    <ignored/>
  </testcase> <!-- @AfterSuite afterSuite -->
  <testcase classname="com.store.base.baseclass" name="@BeforeSuite loadConfig" time="0.0">
    <ignored/>
  </testcase> <!-- @BeforeSuite loadConfig -->
  <testcase classname="com.store.base.baseclass" name="@BeforeSuite loadConfig" time="0.0">
    <ignored/>
  </testcase> <!-- @BeforeSuite loadConfig -->
  <testcase classname="com.store.base.baseclass" name="@AfterSuite afterSuite" time="0.0">
    <ignored/>
  </testcase> <!-- @AfterSuite afterSuite -->
  <testcase classname="com.store.base.baseclass" name="@BeforeSuite loadConfig" time="0.0">
    <ignored/>
  </testcase> <!-- @BeforeSuite loadConfig -->
  <testcase classname="com.store.base.baseclass" name="@AfterSuite afterSuite" time="0.0">
    <ignored/>
  </testcase> <!-- @AfterSuite afterSuite -->
  <testcase classname="com.store.base.baseclass" name="@AfterSuite afterSuite" time="0.0">
    <ignored/>
  </testcase> <!-- @AfterSuite afterSuite -->
  <testcase classname="com.store.base.baseclass" name="@BeforeSuite loadConfig" time="0.0">
    <ignored/>
  </testcase> <!-- @BeforeSuite loadConfig -->
</testsuite> <!-- Microsoft Edge Tests -->
