<?xml version="1.0" encoding="UTF-8"?>
<!-- Generated by org.testng.reporters.JUnitXMLReporter -->
<testsuite ignored="23" hostname="LAPTOP-VKBHV4LJ" failures="0" tests="6" name="Sanity" time="80.383" errors="0" timestamp="2024-10-26T10:09:36 GST">
  <testcase classname="com.store.testcases.Loginpagetest" name="Logintest" time="7.178"/>
  <testcase classname="com.store.testcases.Addtocartpagetest" name="addtocarttest" time="17.18"/>
  <testcase classname="com.store.testcases.AccountcreationpageTest" name="createAccountTest" time="8.147"/>
  <testcase classname="com.store.testcases.AccountcreationpageTest" name="createAccountTest" time="8.149"/>
  <testcase classname="com.store.testcases.AccountcreationpageTest" name="createAccountTest" time="7.951"/>
  <testcase classname="com.store.testcases.AccountcreationpageTest" name="verifyaccountcreationpage" time="4.442"/>
  <testcase classname="com.store.testcases.Homepagetest" name="verifyaddmyfirstaddress" time="0.0">
    <ignored/>
  </testcase> <!-- verifyaddmyfirstaddress -->
  <testcase classname="com.store.testcases.Indexpagetest" name="verifystoretitle" time="0.0">
    <ignored/>
  </testcase> <!-- verifystoretitle -->
  <testcase classname="com.store.testcases.Orderpagetest" name="addtocarttest" time="0.0">
    <ignored/>
  </testcase> <!-- addtocarttest -->
  <testcase classname="com.store.base.baseclass" name="@AfterSuite afterSuite" time="0.0">
    <ignored/>
  </testcase> <!-- @AfterSuite afterSuite -->
  <testcase classname="com.store.testcases.Homepagetest" name="verifymyaccount" time="0.0">
    <ignored/>
  </testcase> <!-- verifymyaccount -->
  <testcase classname="com.store.base.baseclass" name="@AfterSuite afterSuite" time="0.0">
    <ignored/>
  </testcase> <!-- @AfterSuite afterSuite -->
  <testcase classname="com.store.base.baseclass" name="@BeforeSuite loadConfig" time="0.0">
    <ignored/>
  </testcase> <!-- @BeforeSuite loadConfig -->
  <testcase classname="com.store.base.baseclass" name="@BeforeSuite loadConfig" time="0.0">
    <ignored/>
  </testcase> <!-- @BeforeSuite loadConfig -->
  <testcase classname="com.store.base.baseclass" name="@AfterSuite afterSuite" time="0.0">
    <ignored/>
  </testcase> <!-- @AfterSuite afterSuite -->
  <testcase classname="com.store.base.baseclass" name="@BeforeSuite loadConfig" time="0.0">
    <ignored/>
  </testcase> <!-- @BeforeSuite loadConfig -->
  <testcase classname="com.store.base.baseclass" name="@BeforeSuite loadConfig" time="0.0">
    <ignored/>
  </testcase> <!-- @BeforeSuite loadConfig -->
  <testcase classname="com.store.testcases.Homepagetest" name="verifyorderhistory" time="0.0">
    <ignored/>
  </testcase> <!-- verifyorderhistory -->
  <testcase classname="com.store.base.baseclass" name="@AfterSuite afterSuite" time="0.0">
    <ignored/>
  </testcase> <!-- @AfterSuite afterSuite -->
  <testcase classname="com.store.base.baseclass" name="@BeforeSuite loadConfig" time="0.0">
    <ignored/>
  </testcase> <!-- @BeforeSuite loadConfig -->
  <testcase classname="com.store.testcases.Indexpagetest" name="verifylogo" time="0.0">
    <ignored/>
  </testcase> <!-- verifylogo -->
  <testcase classname="com.store.base.baseclass" name="@BeforeSuite loadConfig" time="0.0">
    <ignored/>
  </testcase> <!-- @BeforeSuite loadConfig -->
  <testcase classname="com.store.base.baseclass" name="@BeforeSuite loadConfig" time="0.0">
    <ignored/>
  </testcase> <!-- @BeforeSuite loadConfig -->
  <testcase classname="com.store.base.baseclass" name="@AfterSuite afterSuite" time="0.0">
    <ignored/>
  </testcase> <!-- @AfterSuite afterSuite -->
  <testcase classname="com.store.testcases.Searchresultpagetest" name="productsearchtest" time="0.0">
    <ignored/>
  </testcase> <!-- productsearchtest -->
  <testcase classname="com.store.base.baseclass" name="@AfterSuite afterSuite" time="0.0">
    <ignored/>
  </testcase> <!-- @AfterSuite afterSuite -->
  <testcase classname="com.store.testcases.Orderpagetest" name="verifytotalpriceaddtocarttest" time="0.0">
    <ignored/>
  </testcase> <!-- verifytotalpriceaddtocarttest -->
  <testcase classname="com.store.testcases.EndtoEndtest" name="addtocarttestE2E" time="0.0">
    <ignored/>
  </testcase> <!-- addtocarttestE2E -->
  <testcase classname="com.store.base.baseclass" name="@AfterSuite afterSuite" time="0.0">
    <ignored/>
  </testcase> <!-- @AfterSuite afterSuite -->
</testsuite> <!-- Sanity -->
