<?xml version="1.0" encoding="UTF-8"?>
<!-- Generated by org.testng.reporters.JUnitXMLReporter -->
<testsuite ignored="0" hostname="LAPTOP-VKBHV4LJ" failures="0" tests="3" name="HomepageTest" time="27.958" errors="0" timestamp="2024-10-24T22:46:25 GST">
  <testcase classname="com.store.testcases.Homepagetest" name="verifyaddmyfirstaddress" time="2.723"/>
  <testcase classname="com.store.testcases.Homepagetest" name="verifymyaccount" time="2.636"/>
  <testcase classname="com.store.testcases.Homepagetest" name="verifyorderhistory" time="6.171"/>
</testsuite> <!-- HomepageTest -->
